# JRE version: Java(TM) SE Runtime Environment (8.0_60-b27) (build 1.8.0_60-b27)
# Java VM: Java HotSpot(TM) 64-Bit Server VM (25.60-b23 mixed mode windows-amd64 compressed oops)
Heap:
 PSYoungGen      total 202752K, used 145626K [0x0000000780980000, 0x000000078f500000, 0x00000007c0000000)
  eden space 185856K, 73% used [0x0000000780980000,0x0000000788ebd730,0x000000078bf00000)
  from space 16896K, 54% used [0x000000078bf00000,0x000000078c7f93d8,0x000000078cf80000)
  to   space 16896K, 0% used [0x000000078cf80000,0x000000078cf80000,0x000000078e000000)
 ParOldGen       total 134656K, used 23130K [0x0000000701c00000, 0x0000000709f80000, 0x0000000780980000)
  object space 134656K, 17% used [0x0000000701c00000,0x0000000703296a00,0x0000000709f80000)
 Metaspace       used 61836K, capacity 65892K, committed 66072K, reserved 1105920K
  class space    used 8470K, capacity 9148K, committed 9264K, reserved 1048576K
GC Heap History (10 events):
Event: 7.849 GC heap before
{Heap before GC invocations=10 (full 2):
 PSYoungGen      total 119808K, used 108544K [0x0000000780980000, 0x000000078bd00000, 0x00000007c0000000)
  eden space 108544K, 100% used [0x0000000780980000,0x0000000787380000,0x0000000787380000)
  from space 11264K, 0% used [0x0000000787380000,0x0000000787380000,0x0000000787e80000)
  to   space 12288K, 0% used [0x000000078b100000,0x000000078b100000,0x000000078bd00000)
 ParOldGen       total 134656K, used 16690K [0x0000000701c00000, 0x0000000709f80000, 0x0000000780980000)
  object space 134656K, 12% used [0x0000000701c00000,0x0000000702c4ca00,0x0000000709f80000)
 Metaspace       used 40238K, capacity 42620K, committed 42928K, reserved 1085440K
  class space    used 5517K, capacity 5956K, committed 6064K, reserved 1048576K
Event: 7.863 GC heap after
Heap after GC invocations=10 (full 2):
 PSYoungGen      total 160768K, used 9199K [0x0000000780980000, 0x000000078ba00000, 0x00000007c0000000)
  eden space 151552K, 0% used [0x0000000780980000,0x0000000780980000,0x0000000789d80000)
  from space 9216K, 99% used [0x000000078b100000,0x000000078b9fbcc8,0x000000078ba00000)
  to   space 12288K, 0% used [0x000000078a200000,0x000000078a200000,0x000000078ae00000)
 ParOldGen       total 134656K, used 16690K [0x0000000701c00000, 0x0000000709f80000, 0x0000000780980000)
  object space 134656K, 12% used [0x0000000701c00000,0x0000000702c4ca00,0x0000000709f80000)
 Metaspace       used 40238K, capacity 42620K, committed 42928K, reserved 1085440K
  class space    used 5517K, capacity 5956K, committed 6064K, reserved 1048576K
}
Event: 10.594 GC heap before
{Heap before GC invocations=11 (full 2):
 PSYoungGen      total 160768K, used 160751K [0x0000000780980000, 0x000000078ba00000, 0x00000007c0000000)
  eden space 151552K, 100% used [0x0000000780980000,0x0000000789d80000,0x0000000789d80000)
  from space 9216K, 99% used [0x000000078b100000,0x000000078b9fbcc8,0x000000078ba00000)
  to   space 12288K, 0% used [0x000000078a200000,0x000000078a200000,0x000000078ae00000)
 ParOldGen       total 134656K, used 16690K [0x0000000701c00000, 0x0000000709f80000, 0x0000000780980000)
  object space 134656K, 12% used [0x0000000701c00000,0x0000000702c4ca00,0x0000000709f80000)
 Metaspace       used 54275K, capacity 57310K, committed 57392K, reserved 1099776K
  class space    used 7415K, capacity 7941K, committed 7984K, reserved 1048576K
Event: 10.619 GC heap after
Heap after GC invocations=11 (full 2):
 PSYoungGen      total 168448K, used 12267K [0x0000000780980000, 0x000000078e000000, 0x00000007c0000000)
  eden space 156160K, 0% used [0x0000000780980000,0x0000000780980000,0x000000078a200000)
  from space 12288K, 99% used [0x000000078a200000,0x000000078adfad20,0x000000078ae00000)
  to   space 16896K, 0% used [0x000000078cf80000,0x000000078cf80000,0x000000078e000000)
 ParOldGen       total 134656K, used 24371K [0x0000000701c00000, 0x0000000709f80000, 0x0000000780980000)
  object space 134656K, 18% used [0x0000000701c00000,0x00000007033ccd58,0x0000000709f80000)
 Metaspace       used 54275K, capacity 57310K, committed 57392K, reserved 1099776K
  class space    used 7415K, capacity 7941K, committed 7984K, reserved 1048576K
}
Event: 11.047 GC heap before
{Heap before GC invocations=12 (full 2):
 PSYoungGen      total 168448K, used 35110K [0x0000000780980000, 0x000000078e000000, 0x00000007c0000000)
  eden space 156160K, 14% used [0x0000000780980000,0x0000000781fcec10,0x000000078a200000)
  from space 12288K, 99% used [0x000000078a200000,0x000000078adfad20,0x000000078ae00000)
  to   space 16896K, 0% used [0x000000078cf80000,0x000000078cf80000,0x000000078e000000)
 ParOldGen       total 134656K, used 24371K [0x0000000701c00000, 0x0000000709f80000, 0x0000000780980000)
  object space 134656K, 18% used [0x0000000701c00000,0x00000007033ccd58,0x0000000709f80000)
 Metaspace       used 55960K, capacity 59060K, committed 59160K, reserved 1099776K
  class space    used 7643K, capacity 8174K, committed 8240K, reserved 1048576K
Event: 11.074 GC heap after
Heap after GC invocations=12 (full 2):
 PSYoungGen      total 202752K, used 11914K [0x0000000780980000, 0x000000078f500000, 0x00000007c0000000)
  eden space 185856K, 0% used [0x0000000780980000,0x0000000780980000,0x000000078bf00000)
  from space 16896K, 70% used [0x000000078cf80000,0x000000078db22840,0x000000078e000000)
  to   space 16896K, 0% used [0x000000078bf00000,0x000000078bf00000,0x000000078cf80000)
 ParOldGen       total 134656K, used 24387K [0x0000000701c00000, 0x0000000709f80000, 0x0000000780980000)
  object space 134656K, 18% used [0x0000000701c00000,0x00000007033d0d68,0x0000000709f80000)
 Metaspace       used 55960K, capacity 59060K, committed 59160K, reserved 1099776K
  class space    used 7643K, capacity 8174K, committed 8240K, reserved 1048576K
}
Event: 11.074 GC heap before
{Heap before GC invocations=13 (full 3):
 PSYoungGen      total 202752K, used 11914K [0x0000000780980000, 0x000000078f500000, 0x00000007c0000000)
  eden space 185856K, 0% used [0x0000000780980000,0x0000000780980000,0x000000078bf00000)
  from space 16896K, 70% used [0x000000078cf80000,0x000000078db22840,0x000000078e000000)
  to   space 16896K, 0% used [0x000000078bf00000,0x000000078bf00000,0x000000078cf80000)
 ParOldGen       total 134656K, used 24387K [0x0000000701c00000, 0x0000000709f80000, 0x0000000780980000)
  object space 134656K, 18% used [0x0000000701c00000,0x00000007033d0d68,0x0000000709f80000)
 Metaspace       used 55960K, capacity 59060K, committed 59160K, reserved 1099776K
  class space    used 7643K, capacity 8174K, committed 8240K, reserved 1048576K
Event: 11.280 GC heap after
Heap after GC invocations=13 (full 3):
 PSYoungGen      total 202752K, used 0K [0x0000000780980000, 0x000000078f500000, 0x00000007c0000000)
  eden space 185856K, 0% used [0x0000000780980000,0x0000000780980000,0x000000078bf00000)
  from space 16896K, 0% used [0x000000078cf80000,0x000000078cf80000,0x000000078e000000)
  to   space 16896K, 0% used [0x000000078bf00000,0x000000078bf00000,0x000000078cf80000)
 ParOldGen       total 134656K, used 23122K [0x0000000701c00000, 0x0000000709f80000, 0x0000000780980000)
  object space 134656K, 17% used [0x0000000701c00000,0x0000000703294a00,0x0000000709f80000)
 Metaspace       used 55960K, capacity 59060K, committed 59160K, reserved 1099776K
  class space    used 7643K, capacity 8174K, committed 8240K, reserved 1048576K
}
Event: 13.880 GC heap before
{Heap before GC invocations=14 (full 3):
 PSYoungGen      total 202752K, used 185856K [0x0000000780980000, 0x000000078f500000, 0x00000007c0000000)
  eden space 185856K, 100% used [0x0000000780980000,0x000000078bf00000,0x000000078bf00000)
  from space 16896K, 0% used [0x000000078cf80000,0x000000078cf80000,0x000000078e000000)
  to   space 16896K, 0% used [0x000000078bf00000,0x000000078bf00000,0x000000078cf80000)
 ParOldGen       total 134656K, used 23122K [0x0000000701c00000, 0x0000000709f80000, 0x0000000780980000)
  object space 134656K, 17% used [0x0000000701c00000,0x0000000703294a00,0x0000000709f80000)
 Metaspace       used 59616K, capacity 63064K, committed 63256K, reserved 1103872K
  class space    used 8127K, capacity 8720K, committed 8752K, reserved 1048576K
Event: 13.893 GC heap after
Heap after GC invocations=14 (full 3):
 PSYoungGen      total 202752K, used 9188K [0x0000000780980000, 0x000000078f500000, 0x00000007c0000000)
  eden space 185856K, 0% used [0x0000000780980000,0x0000000780980000,0x000000078bf00000)
  from space 16896K, 54% used [0x000000078bf00000,0x000000078c7f93d8,0x000000078cf80000)
  to   space 16896K, 0% used [0x000000078cf80000,0x000000078cf80000,0x000000078e000000)
 ParOldGen       total 134656K, used 23130K [0x0000000701c00000, 0x0000000709f80000, 0x0000000780980000)
  object space 134656K, 17% used [0x0000000701c00000,0x0000000703296a00,0x0000000709f80000)
 Metaspace       used 59616K, capacity 63064K, committed 63256K, reserved 1103872K
  class space    used 8127K, capacity 8720K, committed 8752K, reserved 1048576K
}

