<?xml version="1.0" encoding="UTF-8"?>
<testsuite name="com.esprit.examen.services.ProduitServiceImplTest" time="0.387" tests="5" errors="0" skipped="0" failures="2">
  <properties>
[...]
</properties>
  <testcase name="testRetrieveAllProduits" classname="com.esprit.examen.services.ProduitServiceImplTest" time="0.272"/>
  <testcase name="testUpdateProduit" classname="com.esprit.examen.services.ProduitServiceImplTest" time="0.035">
    <failure message="expected same:&lt;1/10/2022&gt; was not:&lt;Sat Oct 01 00:00:00 WAT 2022&gt;" type="java.lang.AssertionError"><![CDATA[java.lang.AssertionError: expected same:<1/10/2022> was not:<Sat Oct 01 00:00:00 WAT 2022>
	at org.junit.Assert.fail(Assert.java:89)
	at org.junit.Assert.failNotSame(Assert.java:829)
	at org.junit.Assert.assertSame(Assert.java:772)
	at org.junit.Assert.assertSame(Assert.java:783)
	at com.esprit.examen.services.ProduitServiceImplTest.testUpdateProduit(ProduitServiceImplTest.java:81)
]]></failure>
    <system-out>Hibernate: insert into produit (categorie_produit_id_categorie_produit, code_produit, date_creation, date_derniere_modification, libelle_produit, prix, stock_id_stock) values (?, ?, ?, ?, ?, ?, ?)
Hibernate: select produit0_.id_produit as id_produ1_8_0_, produit0_.categorie_produit_id_categorie_produit as categori7_8_0_, produit0_.code_produit as code_pro2_8_0_, produit0_.date_creation as date_cre3_8_0_, produit0_.date_derniere_modification as date_der4_8_0_, produit0_.libelle_produit as libelle_5_8_0_, produit0_.prix as prix6_8_0_, produit0_.stock_id_stock as stock_id8_8_0_ from produit produit0_ where produit0_.id_produit=?
Hibernate: update produit set categorie_produit_id_categorie_produit=?, code_produit=?, date_creation=?, date_derniere_modification=?, libelle_produit=?, prix=?, stock_id_stock=? where id_produit=?
</system-out>
  </testcase>
  <testcase name="testAddProduit" classname="com.esprit.examen.services.ProduitServiceImplTest" time="0.019"/>
  <testcase name="testDeleteProduit" classname="com.esprit.examen.services.ProduitServiceImplTest" time="0.022"/>
  <testcase name="testAssignProduitToStock" classname="com.esprit.examen.services.ProduitServiceImplTest" time="0.039">
    <failure type="java.lang.AssertionError:">java.lang.AssertionError: null
	at org.junit.Assert.fail(Assert.java:87)
	at org.junit.Assert.assertTrue(Assert.java:42)
	at org.junit.Assert.assertNotNull(Assert.java:713)
	at org.junit.Assert.assertNotNull(Assert.java:723)
	at com.esprit.examen.services.ProduitServiceImplTest.testAssignProduitToStock(ProduitServiceImplTest.java:96)
</failure>
    <system-out>2022-11-07 11:29:18 - INFO  - com.esprit.examen.services.StockServiceImpl - In method addStock
Hibernate: insert into stock (libelle_stock, qte, qte_min) values (?, ?, ?)
Hibernate: insert into produit (categorie_produit_id_categorie_produit, code_produit, date_creation, date_derniere_modification, libelle_produit, prix, stock_id_stock) values (?, ?, ?, ?, ?, ?, ?)
Stock: com.esprit.examen.entities.Stock@478c84aaProduit: com.esprit.examen.entities.Produit@234bfc8cHibernate: select produit0_.id_produit as id_produ1_8_0_, produit0_.categorie_produit_id_categorie_produit as categori7_8_0_, produit0_.code_produit as code_pro2_8_0_, produit0_.date_creation as date_cre3_8_0_, produit0_.date_derniere_modification as date_der4_8_0_, produit0_.libelle_produit as libelle_5_8_0_, produit0_.prix as prix6_8_0_, produit0_.stock_id_stock as stock_id8_8_0_, categoriep1_.id_categorie_produit as id_categ1_0_1_, categoriep1_.code_categorie as code_cat2_0_1_, categoriep1_.libelle_categorie as libelle_3_0_1_, stock2_.id_stock as id_stock1_11_2_, stock2_.libelle_stock as libelle_2_11_2_, stock2_.qte as qte3_11_2_, stock2_.qte_min as qte_min4_11_2_ from produit produit0_ left outer join categorie_produit categoriep1_ on produit0_.categorie_produit_id_categorie_produit=categoriep1_.id_categorie_produit left outer join stock stock2_ on produit0_.stock_id_stock=stock2_.id_stock where produit0_.id_produit=?
Hibernate: select stock0_.id_stock as id_stock1_11_0_, stock0_.libelle_stock as libelle_2_11_0_, stock0_.qte as qte3_11_0_, stock0_.qte_min as qte_min4_11_0_ from stock stock0_ where stock0_.id_stock=?
Hibernate: select produit0_.id_produit as id_produ1_8_0_, produit0_.categorie_produit_id_categorie_produit as categori7_8_0_, produit0_.code_produit as code_pro2_8_0_, produit0_.date_creation as date_cre3_8_0_, produit0_.date_derniere_modification as date_der4_8_0_, produit0_.libelle_produit as libelle_5_8_0_, produit0_.prix as prix6_8_0_, produit0_.stock_id_stock as stock_id8_8_0_ from produit produit0_ where produit0_.id_produit=?
Hibernate: select stock0_.id_stock as id_stock1_11_0_, stock0_.libelle_stock as libelle_2_11_0_, stock0_.qte as qte3_11_0_, stock0_.qte_min as qte_min4_11_0_ from stock stock0_ where stock0_.id_stock=?
Hibernate: update produit set categorie_produit_id_categorie_produit=?, code_produit=?, date_creation=?, date_derniere_modification=?, libelle_produit=?, prix=?, stock_id_stock=? where id_produit=?
</system-out>
  </testcase>
</testsuite>